2026-03-04 16:52:15,123 - WebSecurityScanner - INFO - [32m[INFO][0m Starting scatter-gather scan for http://www.avccollege.net
2026-03-04 16:52:15,129 - WebSecurityScanner - INFO - [32m[INFO][0m Phase: Reconnaissance
2026-03-04 16:52:15,130 - WebSecurityScanner - INFO - [32m[INFO][0m Phase: Crawling
2026-03-04 16:52:15,131 - WebSecurityScanner - INFO - [32m[INFO][0m Phase: SSL Analysis
2026-03-04 16:52:15,131 - WebSecurityScanner - INFO - [32m[INFO][0m Running SQLInjection scan...
2026-03-04 16:52:15,132 - WebSecurityScanner - INFO - [32m[INFO][0m Running XSS scan...
2026-03-04 16:52:15,134 - WebSecurityScanner - INFO - [32m[INFO][0m Running Misconfiguration scan...
2026-03-04 16:52:15,135 - WebSecurityScanner - INFO - [32m[INFO][0m Starting Reconnaissance phase...
2026-03-04 16:52:15,136 - WebSecurityScanner - INFO - [32m[INFO][0m Running ExposedDatabase scan...
2026-03-04 16:52:15,140 - WebSecurityScanner - INFO - [32m[INFO][0m Starting crawler on http://www.avccollege.net
2026-03-04 16:52:15,142 - WebSecurityScanner - INFO - [32m[INFO][0m Starting SSL analysis for www.avccollege.net
2026-03-04 16:52:15,145 - WebSecurityScanner - INFO - [32m[INFO][0m Starting SQL Injection scan on http://www.avccollege.net
2026-03-04 16:52:15,148 - WebSecurityScanner - INFO - [32m[INFO][0m Starting XSS scan on http://www.avccollege.net
2026-03-04 16:52:15,152 - WebSecurityScanner - INFO - [32m[INFO][0m Starting Misconfiguration scan on http://www.avccollege.net
2026-03-04 16:52:15,154 - WebSecurityScanner - INFO - [32m[INFO][0m Tools Active: Custom Subdomain Enum (crt.sh API) & TCP Socket Port Scanner
2026-03-04 16:52:15,157 - WebSecurityScanner - INFO - [32m[INFO][0m Starting Exposed Database scan on http://www.avccollege.net
2026-03-04 16:52:15,159 - WebSecurityScanner - INFO - [32m[INFO][0m Tool Active: Custom Multi-Threaded/BFS Crawler spidering www.avccollege.net...
2026-03-04 16:52:15,210 - WebSecurityScanner - INFO - [32m[INFO][0m [Subdomain Enum] Enumerating subdomains for 'avccollege.net'...
2026-03-04 16:52:15,212 - WebSecurityScanner - INFO - [32m[INFO][0m [Crawler] Discovered 1 endpoints (GET/POST/PUT/DELETE)...
2026-03-04 16:52:15,528 - WebSecurityScanner - INFO - [32m[INFO][0m ExposedDatabase scan finished. Found 1 issues.
2026-03-04 16:52:15,528 - WebSecurityScanner - ERROR - [31m[ERROR][0m SSL Analysis failed: [SSL: CERTIFICATE_VERIFY_FAILED] certificate verify failed: certificate has expired (_ssl.c:1006)
2026-03-04 16:52:15,678 - WebSecurityScanner - INFO - [32m[INFO][0m SSL Analysis completed.
2026-03-04 16:52:15,792 - WebSecurityScanner - INFO - [32m[INFO][0m Misconfiguration scan finished. Found 1 issues.
2026-03-04 16:52:16,078 - WebSecurityScanner - INFO - [32m[INFO][0m XSS scan finished. Found 0 issues.
2026-03-04 16:52:16,224 - WebSecurityScanner - INFO - [32m[INFO][0m Crawling finished. Found 99 endpoints.
2026-03-04 16:52:16,225 - WebSecurityScanner - INFO - [32m[INFO][0m [Crawler] Completed. Acquired 99 distinct methods/endpoints.
2026-03-04 16:52:16,230 - WebSecurityScanner - INFO - [32m[INFO][0m Crawling completed. Found 99 URLs.
2026-03-04 16:52:16,515 - WebSecurityScanner - INFO - [32m[INFO][0m SQLInjection scan finished. Found 0 issues.
2026-03-04 16:52:23,781 - WebSecurityScanner - INFO - [32m[INFO][0m [Subdomain Enum] Successfully found 8 subdomains.
2026-03-04 16:52:23,782 - WebSecurityScanner - INFO - [32m[INFO][0m [Port Scan] Scanning common TCP ports on www.avccollege.net...
2026-03-04 16:52:23,791 - WebSecurityScanner - INFO - [32m[INFO][0m Starting port scan on www.avccollege.net
2026-03-04 16:52:23,834 - WebSecurityScanner - INFO - [32m[INFO][0m Port 21 is OPEN
2026-03-04 16:52:23,878 - WebSecurityScanner - INFO - [32m[INFO][0m Port 22 is OPEN
2026-03-04 16:52:25,928 - WebSecurityScanner - INFO - [32m[INFO][0m Port 53 is OPEN
2026-03-04 16:52:25,971 - WebSecurityScanner - INFO - [32m[INFO][0m Port 80 is OPEN
2026-03-04 16:52:26,017 - WebSecurityScanner - INFO - [32m[INFO][0m Port 110 is OPEN
2026-03-04 16:52:27,690 - WebSecurityScanner - INFO - [32m[INFO][0m Starting scatter-gather scan for http://www.avccollege.net
2026-03-04 16:52:27,694 - WebSecurityScanner - INFO - [32m[INFO][0m Phase: Reconnaissance
2026-03-04 16:52:27,695 - WebSecurityScanner - INFO - [32m[INFO][0m Phase: Crawling
2026-03-04 16:52:27,695 - WebSecurityScanner - INFO - [32m[INFO][0m Phase: SSL Analysis
2026-03-04 16:52:27,696 - WebSecurityScanner - INFO - [32m[INFO][0m Running SQLInjection scan...
2026-03-04 16:52:27,697 - WebSecurityScanner - INFO - [32m[INFO][0m Starting Reconnaissance phase...
2026-03-04 16:52:27,697 - WebSecurityScanner - INFO - [32m[INFO][0m Running XSS scan...
2026-03-04 16:52:27,697 - WebSecurityScanner - INFO - [32m[INFO][0m Running Misconfiguration scan...
2026-03-04 16:52:27,698 - WebSecurityScanner - INFO - [32m[INFO][0m Starting crawler on http://www.avccollege.net
2026-03-04 16:52:27,698 - WebSecurityScanner - INFO - [32m[INFO][0m Running ExposedDatabase scan...
2026-03-04 16:52:27,699 - WebSecurityScanner - INFO - [32m[INFO][0m Starting SSL analysis for www.avccollege.net
2026-03-04 16:52:27,705 - WebSecurityScanner - INFO - [32m[INFO][0m Starting SQL Injection scan on http://www.avccollege.net
2026-03-04 16:52:27,713 - WebSecurityScanner - INFO - [32m[INFO][0m Tools Active: Custom Subdomain Enum (crt.sh API) & TCP Socket Port Scanner
2026-03-04 16:52:27,715 - WebSecurityScanner - INFO - [32m[INFO][0m Starting XSS scan on http://www.avccollege.net
2026-03-04 16:52:27,719 - WebSecurityScanner - INFO - [32m[INFO][0m Starting Misconfiguration scan on http://www.avccollege.net
2026-03-04 16:52:27,727 - WebSecurityScanner - INFO - [32m[INFO][0m Tool Active: Custom Multi-Threaded/BFS Crawler spidering www.avccollege.net...
2026-03-04 16:52:27,733 - WebSecurityScanner - INFO - [32m[INFO][0m Starting Exposed Database scan on http://www.avccollege.net
2026-03-04 16:52:27,775 - WebSecurityScanner - INFO - [32m[INFO][0m [Subdomain Enum] Enumerating subdomains for 'avccollege.net'...
2026-03-04 16:52:27,780 - WebSecurityScanner - INFO - [32m[INFO][0m [Crawler] Discovered 1 endpoints (GET/POST/PUT/DELETE)...
2026-03-04 16:52:27,828 - WebSecurityScanner - INFO - [32m[INFO][0m ExposedDatabase scan finished. Found 1 issues.
2026-03-04 16:52:28,035 - WebSecurityScanner - ERROR - [31m[ERROR][0m SSL Analysis failed: [SSL: CERTIFICATE_VERIFY_FAILED] certificate verify failed: certificate has expired (_ssl.c:1006)
2026-03-04 16:52:28,044 - WebSecurityScanner - INFO - [32m[INFO][0m SSL Analysis completed.
2026-03-04 16:52:28,261 - WebSecurityScanner - INFO - [32m[INFO][0m Misconfiguration scan finished. Found 1 issues.
2026-03-04 16:52:28,670 - WebSecurityScanner - INFO - [32m[INFO][0m Crawling finished. Found 99 endpoints.
2026-03-04 16:52:28,671 - WebSecurityScanner - INFO - [32m[INFO][0m XSS scan finished. Found 0 issues.
2026-03-04 16:52:28,673 - WebSecurityScanner - INFO - [32m[INFO][0m [Crawler] Completed. Acquired 99 distinct methods/endpoints.
2026-03-04 16:52:28,679 - WebSecurityScanner - INFO - [32m[INFO][0m Crawling completed. Found 99 URLs.
2026-03-04 16:52:29,057 - WebSecurityScanner - INFO - [32m[INFO][0m Port 143 is OPEN
2026-03-04 16:52:29,076 - WebSecurityScanner - INFO - [32m[INFO][0m SQLInjection scan finished. Found 0 issues.
2026-03-04 16:52:29,082 - WebSecurityScanner - INFO - [32m[INFO][0m Port 443 is OPEN
2026-03-04 16:52:33,140 - WebSecurityScanner - INFO - [32m[INFO][0m Port 3306 is OPEN
2026-03-04 16:52:36,175 - WebSecurityScanner - INFO - [32m[INFO][0m [Port Scan] Found 8 open ports.
2026-03-04 16:52:36,177 - WebSecurityScanner - INFO - [32m[INFO][0m [Tech Stack] Fingerprinting http://www.avccollege.net...
2026-03-04 16:52:37,050 - WebSecurityScanner - ERROR - [31m[ERROR][0m Error fingerprinting tech stack: HTTPSConnectionPool(host='www.avccollege.net', port=443): Max retries exceeded with url: / (Caused by SSLError(SSLCertVerificationError(1, '[SSL: CERTIFICATE_VERIFY_FAILED] certificate verify failed: certificate has expired (_ssl.c:1006)')))
2026-03-04 16:52:37,054 - WebSecurityScanner - INFO - [32m[INFO][0m [IP/Network Finder] Resolving network mapping for avccollege.net...
2026-03-04 16:52:40,866 - WebSecurityScanner - DEBUG - [36m[DEBUG][0m crt.sh API failed: HTTPSConnectionPool(host='crt.sh', port=443): Read timed out. (read timeout=10)
2026-03-04 16:52:40,867 - WebSecurityScanner - INFO - [32m[INFO][0m [Subdomain Enum] Successfully found 4 subdomains.
2026-03-04 16:52:40,869 - WebSecurityScanner - INFO - [32m[INFO][0m [Port Scan] Scanning common TCP ports on www.avccollege.net...
2026-03-04 16:52:40,870 - WebSecurityScanner - INFO - [32m[INFO][0m Starting port scan on www.avccollege.net
2026-03-04 16:52:40,900 - WebSecurityScanner - INFO - [32m[INFO][0m Port 21 is OPEN
2026-03-04 16:52:40,944 - WebSecurityScanner - INFO - [32m[INFO][0m Port 22 is OPEN
2026-03-04 16:52:42,942 - WebSecurityScanner - INFO - [32m[INFO][0m [IP/Network Finder] Successfully mapped IP and ISP info.
2026-03-04 16:52:42,945 - WebSecurityScanner - INFO - [32m[INFO][0m [DNS Enum] Retrieving DNS records for avccollege.net...
2026-03-04 16:52:42,993 - WebSecurityScanner - INFO - [32m[INFO][0m Port 53 is OPEN
2026-03-04 16:52:43,025 - WebSecurityScanner - INFO - [32m[INFO][0m Port 80 is OPEN
2026-03-04 16:52:43,054 - WebSecurityScanner - INFO - [32m[INFO][0m Port 110 is OPEN
2026-03-04 16:52:45,881 - WebSecurityScanner - INFO - [32m[INFO][0m [DNS Enum] Found 6 DNS records.
2026-03-04 16:52:45,888 - WebSecurityScanner - INFO - [32m[INFO][0m Reconnaissance completed.
2026-03-04 16:52:45,892 - WebSecurityScanner - INFO - [32m[INFO][0m Scan completed.
2026-03-04 16:52:46,148 - WebSecurityScanner - INFO - [32m[INFO][0m Port 143 is OPEN
2026-03-04 16:52:46,171 - WebSecurityScanner - INFO - [32m[INFO][0m Port 443 is OPEN
2026-03-04 16:52:50,233 - WebSecurityScanner - INFO - [32m[INFO][0m Port 3306 is OPEN
2026-03-04 16:52:53,258 - WebSecurityScanner - INFO - [32m[INFO][0m [Port Scan] Found 8 open ports.
2026-03-04 16:52:53,260 - WebSecurityScanner - INFO - [32m[INFO][0m [Tech Stack] Fingerprinting http://www.avccollege.net...
2026-03-04 16:52:53,895 - WebSecurityScanner - ERROR - [31m[ERROR][0m Error fingerprinting tech stack: HTTPSConnectionPool(host='www.avccollege.net', port=443): Max retries exceeded with url: / (Caused by SSLError(SSLCertVerificationError(1, '[SSL: CERTIFICATE_VERIFY_FAILED] certificate verify failed: certificate has expired (_ssl.c:1006)')))
2026-03-04 16:52:53,899 - WebSecurityScanner - INFO - [32m[INFO][0m [IP/Network Finder] Resolving network mapping for avccollege.net...
2026-03-04 16:52:54,650 - WebSecurityScanner - INFO - [32m[INFO][0m [IP/Network Finder] Successfully mapped IP and ISP info.
2026-03-04 16:52:54,651 - WebSecurityScanner - INFO - [32m[INFO][0m [DNS Enum] Retrieving DNS records for avccollege.net...
2026-03-04 16:52:57,905 - WebSecurityScanner - INFO - [32m[INFO][0m [DNS Enum] Found 6 DNS records.
2026-03-04 16:52:57,907 - WebSecurityScanner - INFO - [32m[INFO][0m Reconnaissance completed.
2026-03-04 16:52:57,909 - WebSecurityScanner - INFO - [32m[INFO][0m Scan completed.
2026-03-04 16:54:41,278 - WebSecurityScanner - INFO - [32m[INFO][0m Starting scatter-gather scan for http://www.inclick.in
2026-03-04 16:54:41,283 - WebSecurityScanner - INFO - [32m[INFO][0m Phase: Reconnaissance
2026-03-04 16:54:41,284 - WebSecurityScanner - INFO - [32m[INFO][0m Phase: Crawling
2026-03-04 16:54:41,285 - WebSecurityScanner - INFO - [32m[INFO][0m Phase: SSL Analysis
2026-03-04 16:54:41,286 - WebSecurityScanner - INFO - [32m[INFO][0m Running SQLInjection scan...
2026-03-04 16:54:41,286 - WebSecurityScanner - INFO - [32m[INFO][0m Starting Reconnaissance phase...
2026-03-04 16:54:41,287 - WebSecurityScanner - INFO - [32m[INFO][0m Running XSS scan...
2026-03-04 16:54:41,289 - WebSecurityScanner - INFO - [32m[INFO][0m Running Misconfiguration scan...
2026-03-04 16:54:41,289 - WebSecurityScanner - INFO - [32m[INFO][0m Starting crawler on http://www.inclick.in
2026-03-04 16:54:41,290 - WebSecurityScanner - INFO - [32m[INFO][0m Running ExposedDatabase scan...
2026-03-04 16:54:41,291 - WebSecurityScanner - INFO - [32m[INFO][0m Starting SSL analysis for www.inclick.in
2026-03-04 16:54:41,292 - WebSecurityScanner - INFO - [32m[INFO][0m Starting SQL Injection scan on http://www.inclick.in
2026-03-04 16:54:41,294 - WebSecurityScanner - INFO - [32m[INFO][0m Tools Active: Custom Subdomain Enum (crt.sh API) & TCP Socket Port Scanner
2026-03-04 16:54:41,296 - WebSecurityScanner - INFO - [32m[INFO][0m Starting XSS scan on http://www.inclick.in
2026-03-04 16:54:41,298 - WebSecurityScanner - INFO - [32m[INFO][0m Starting Misconfiguration scan on http://www.inclick.in
2026-03-04 16:54:41,299 - WebSecurityScanner - INFO - [32m[INFO][0m Tool Active: Custom Multi-Threaded/BFS Crawler spidering www.inclick.in...
2026-03-04 16:54:41,302 - WebSecurityScanner - INFO - [32m[INFO][0m Starting Exposed Database scan on http://www.inclick.in
2026-03-04 16:54:41,349 - WebSecurityScanner - INFO - [32m[INFO][0m [Subdomain Enum] Enumerating subdomains for 'inclick.in'...
2026-03-04 16:54:41,367 - WebSecurityScanner - INFO - [32m[INFO][0m [Crawler] Discovered 1 endpoints (GET/POST/PUT/DELETE)...
2026-03-04 16:54:41,510 - WebSecurityScanner - INFO - [32m[INFO][0m ExposedDatabase scan finished. Found 1 issues.
2026-03-04 16:54:41,525 - WebSecurityScanner - INFO - [32m[INFO][0m SSL Analysis completed.
2026-03-04 16:54:46,764 - WebSecurityScanner - DEBUG - [36m[DEBUG][0m OPTIONS probe failed on http://www.inclick.in
2026-03-04 16:54:47,437 - WebSecurityScanner - INFO - [32m[INFO][0m Crawling finished. Found 4 endpoints.
2026-03-04 16:54:47,439 - WebSecurityScanner - INFO - [32m[INFO][0m [Crawler] Completed. Acquired 4 distinct methods/endpoints.
2026-03-04 16:54:47,442 - WebSecurityScanner - INFO - [32m[INFO][0m Crawling completed. Found 4 URLs.
2026-03-04 16:54:50,175 - WebSecurityScanner - INFO - [32m[INFO][0m [Subdomain Enum] Successfully found 6 subdomains.
2026-03-04 16:54:50,178 - WebSecurityScanner - INFO - [32m[INFO][0m [Port Scan] Scanning common TCP ports on www.inclick.in...
2026-03-04 16:54:50,179 - WebSecurityScanner - INFO - [32m[INFO][0m Starting port scan on www.inclick.in
2026-03-04 16:54:50,216 - WebSecurityScanner - INFO - [32m[INFO][0m Port 21 is OPEN
2026-03-04 16:54:51,785 - WebSecurityScanner - INFO - [32m[INFO][0m Misconfiguration scan finished. Found 0 issues.
2026-03-04 16:54:52,761 - WebSecurityScanner - INFO - [32m[INFO][0m XSS scan finished. Found 0 issues.
2026-03-04 16:54:54,323 - WebSecurityScanner - INFO - [32m[INFO][0m Port 80 is OPEN
2026-03-04 16:54:59,445 - WebSecurityScanner - INFO - [32m[INFO][0m Port 443 is OPEN
2026-03-04 16:55:03,531 - WebSecurityScanner - INFO - [32m[INFO][0m Port 3306 is OPEN
2026-03-04 16:55:06,554 - WebSecurityScanner - INFO - [32m[INFO][0m [Port Scan] Found 4 open ports.
2026-03-04 16:55:06,559 - WebSecurityScanner - INFO - [32m[INFO][0m [Tech Stack] Fingerprinting http://www.inclick.in...
2026-03-04 16:55:07,743 - WebSecurityScanner - INFO - [32m[INFO][0m [Tech Stack] Analyzed HTTP headers.
2026-03-04 16:55:07,746 - WebSecurityScanner - INFO - [32m[INFO][0m [IP/Network Finder] Resolving network mapping for inclick.in...
2026-03-04 16:55:08,170 - WebSecurityScanner - INFO - [32m[INFO][0m [IP/Network Finder] Successfully mapped IP and ISP info.
2026-03-04 16:55:08,172 - WebSecurityScanner - INFO - [32m[INFO][0m [DNS Enum] Retrieving DNS records for inclick.in...
2026-03-04 16:55:11,120 - WebSecurityScanner - INFO - [32m[INFO][0m [DNS Enum] Found 7 DNS records.
2026-03-04 16:55:11,130 - WebSecurityScanner - INFO - [32m[INFO][0m Reconnaissance completed.
2026-03-04 16:55:14,480 - WebSecurityScanner - INFO - [32m[INFO][0m SQLInjection scan finished. Found 0 issues.
2026-03-04 16:55:14,483 - WebSecurityScanner - INFO - [32m[INFO][0m Scan completed.
2026-03-04 16:56:31,294 - WebSecurityScanner - INFO - [32m[INFO][0m Starting scatter-gather scan for http://www.livewireindia.com
2026-03-04 16:56:31,297 - WebSecurityScanner - INFO - [32m[INFO][0m Phase: Reconnaissance
2026-03-04 16:56:31,297 - WebSecurityScanner - INFO - [32m[INFO][0m Phase: Crawling
2026-03-04 16:56:31,298 - WebSecurityScanner - INFO - [32m[INFO][0m Phase: SSL Analysis
2026-03-04 16:56:31,300 - WebSecurityScanner - INFO - [32m[INFO][0m Starting Reconnaissance phase...
2026-03-04 16:56:31,300 - WebSecurityScanner - INFO - [32m[INFO][0m Running SQLInjection scan...
2026-03-04 16:56:31,301 - WebSecurityScanner - INFO - [32m[INFO][0m Running XSS scan...
2026-03-04 16:56:31,301 - WebSecurityScanner - INFO - [32m[INFO][0m Running Misconfiguration scan...
2026-03-04 16:56:31,302 - WebSecurityScanner - INFO - [32m[INFO][0m Running ExposedDatabase scan...
2026-03-04 16:56:31,302 - WebSecurityScanner - INFO - [32m[INFO][0m Starting crawler on http://www.livewireindia.com
2026-03-04 16:56:31,305 - WebSecurityScanner - INFO - [32m[INFO][0m Starting SSL analysis for www.livewireindia.com
2026-03-04 16:56:31,306 - WebSecurityScanner - INFO - [32m[INFO][0m Tools Active: Custom Subdomain Enum (crt.sh API) & TCP Socket Port Scanner
2026-03-04 16:56:31,307 - WebSecurityScanner - INFO - [32m[INFO][0m Starting SQL Injection scan on http://www.livewireindia.com
2026-03-04 16:56:31,309 - WebSecurityScanner - INFO - [32m[INFO][0m Starting XSS scan on http://www.livewireindia.com
2026-03-04 16:56:31,310 - WebSecurityScanner - INFO - [32m[INFO][0m Starting Misconfiguration scan on http://www.livewireindia.com
2026-03-04 16:56:31,312 - WebSecurityScanner - INFO - [32m[INFO][0m Starting Exposed Database scan on http://www.livewireindia.com
2026-03-04 16:56:31,313 - WebSecurityScanner - INFO - [32m[INFO][0m Tool Active: Custom Multi-Threaded/BFS Crawler spidering www.livewireindia.com...
2026-03-04 16:56:31,353 - WebSecurityScanner - INFO - [32m[INFO][0m [Subdomain Enum] Enumerating subdomains for 'livewireindia.com'...
2026-03-04 16:56:31,363 - WebSecurityScanner - INFO - [32m[INFO][0m [Crawler] Discovered 1 endpoints (GET/POST/PUT/DELETE)...
2026-03-04 16:56:32,575 - WebSecurityScanner - INFO - [32m[INFO][0m SSL Analysis completed.
2026-03-04 16:56:35,230 - WebSecurityScanner - INFO - [32m[INFO][0m Misconfiguration scan finished. Found 1 issues.
2026-03-04 16:56:35,503 - WebSecurityScanner - INFO - [32m[INFO][0m ExposedDatabase scan finished. Found 0 issues.
2026-03-04 16:56:35,642 - WebSecurityScanner - INFO - [32m[INFO][0m XSS scan finished. Found 0 issues.
2026-03-04 16:56:35,751 - WebSecurityScanner - INFO - [32m[INFO][0m Crawling finished. Found 31 endpoints.
2026-03-04 16:56:35,753 - WebSecurityScanner - INFO - [32m[INFO][0m [Crawler] Completed. Acquired 31 distinct methods/endpoints.
2026-03-04 16:56:35,757 - WebSecurityScanner - INFO - [32m[INFO][0m Crawling completed. Found 31 URLs.
2026-03-04 16:56:36,461 - WebSecurityScanner - INFO - [32m[INFO][0m SQLInjection scan finished. Found 0 issues.
2026-03-04 16:56:44,125 - WebSecurityScanner - INFO - [32m[INFO][0m [Subdomain Enum] Successfully found 32 subdomains.
2026-03-04 16:56:44,127 - WebSecurityScanner - INFO - [32m[INFO][0m [Port Scan] Scanning common TCP ports on www.livewireindia.com...
2026-03-04 16:56:44,130 - WebSecurityScanner - INFO - [32m[INFO][0m Starting port scan on www.livewireindia.com
2026-03-04 16:56:49,229 - WebSecurityScanner - INFO - [32m[INFO][0m Port 80 is OPEN
2026-03-04 16:56:54,314 - WebSecurityScanner - INFO - [32m[INFO][0m Port 443 is OPEN
2026-03-04 16:57:02,411 - WebSecurityScanner - INFO - [32m[INFO][0m [Port Scan] Found 2 open ports.
2026-03-04 16:57:02,413 - WebSecurityScanner - INFO - [32m[INFO][0m [Tech Stack] Fingerprinting http://www.livewireindia.com...
2026-03-04 16:57:03,961 - WebSecurityScanner - INFO - [32m[INFO][0m [Tech Stack] Analyzed HTTP headers.
2026-03-04 16:57:03,963 - WebSecurityScanner - INFO - [32m[INFO][0m [IP/Network Finder] Resolving network mapping for livewireindia.com...
2026-03-04 16:57:04,378 - WebSecurityScanner - INFO - [32m[INFO][0m [IP/Network Finder] Successfully mapped IP and ISP info.
2026-03-04 16:57:04,380 - WebSecurityScanner - INFO - [32m[INFO][0m [DNS Enum] Retrieving DNS records for livewireindia.com...
2026-03-04 16:57:07,104 - WebSecurityScanner - INFO - [32m[INFO][0m [DNS Enum] Found 8 DNS records.
2026-03-04 16:57:07,112 - WebSecurityScanner - INFO - [32m[INFO][0m Reconnaissance completed.
2026-03-04 16:57:07,114 - WebSecurityScanner - INFO - [32m[INFO][0m Scan completed.
2026-03-04 16:59:19,248 - WebSecurityScanner - INFO - [32m[INFO][0m Starting scatter-gather scan for https://web.whatsapp.com/
2026-03-04 16:59:19,255 - WebSecurityScanner - INFO - [32m[INFO][0m Phase: Reconnaissance
2026-03-04 16:59:19,257 - WebSecurityScanner - INFO - [32m[INFO][0m Phase: Crawling
2026-03-04 16:59:19,258 - WebSecurityScanner - INFO - [32m[INFO][0m Phase: SSL Analysis
2026-03-04 16:59:19,258 - WebSecurityScanner - INFO - [32m[INFO][0m Running SQLInjection scan...
2026-03-04 16:59:19,259 - WebSecurityScanner - INFO - [32m[INFO][0m Running XSS scan...
2026-03-04 16:59:19,260 - WebSecurityScanner - INFO - [32m[INFO][0m Running Misconfiguration scan...
2026-03-04 16:59:19,261 - WebSecurityScanner - INFO - [32m[INFO][0m Running ExposedDatabase scan...
2026-03-04 16:59:19,262 - WebSecurityScanner - INFO - [32m[INFO][0m Starting Reconnaissance phase...
2026-03-04 16:59:19,265 - WebSecurityScanner - INFO - [32m[INFO][0m Starting crawler on https://web.whatsapp.com/
2026-03-04 16:59:19,267 - WebSecurityScanner - INFO - [32m[INFO][0m Starting SSL analysis for web.whatsapp.com
2026-03-04 16:59:19,270 - WebSecurityScanner - INFO - [32m[INFO][0m Starting SQL Injection scan on https://web.whatsapp.com/
2026-03-04 16:59:19,271 - WebSecurityScanner - INFO - [32m[INFO][0m Starting XSS scan on https://web.whatsapp.com/
2026-03-04 16:59:19,274 - WebSecurityScanner - INFO - [32m[INFO][0m Starting Misconfiguration scan on https://web.whatsapp.com/
2026-03-04 16:59:19,277 - WebSecurityScanner - INFO - [32m[INFO][0m Starting Exposed Database scan on https://web.whatsapp.com/
2026-03-04 16:59:19,278 - WebSecurityScanner - INFO - [32m[INFO][0m Tools Active: Custom Subdomain Enum (crt.sh API) & TCP Socket Port Scanner
2026-03-04 16:59:19,284 - WebSecurityScanner - INFO - [32m[INFO][0m Tool Active: Custom Multi-Threaded/BFS Crawler spidering web.whatsapp.com...
2026-03-04 16:59:19,339 - WebSecurityScanner - INFO - [32m[INFO][0m [Subdomain Enum] Enumerating subdomains for 'web.whatsapp.com'...
2026-03-04 16:59:19,341 - WebSecurityScanner - INFO - [32m[INFO][0m [Crawler] Discovered 1 endpoints (GET/POST/PUT/DELETE)...
2026-03-04 16:59:19,472 - WebSecurityScanner - INFO - [32m[INFO][0m SSL Analysis completed.
2026-03-04 16:59:19,834 - WebSecurityScanner - INFO - [32m[INFO][0m Misconfiguration scan finished. Found 1 issues.
2026-03-04 16:59:20,081 - WebSecurityScanner - INFO - [32m[INFO][0m Crawling finished. Found 1 endpoints.
2026-03-04 16:59:20,083 - WebSecurityScanner - INFO - [32m[INFO][0m [Crawler] Completed. Acquired 1 distinct methods/endpoints.
2026-03-04 16:59:20,086 - WebSecurityScanner - INFO - [32m[INFO][0m Crawling completed. Found 1 URLs.
2026-03-04 16:59:20,186 - WebSecurityScanner - INFO - [32m[INFO][0m XSS scan finished. Found 0 issues.
2026-03-04 16:59:20,967 - WebSecurityScanner - INFO - [32m[INFO][0m SQLInjection scan finished. Found 0 issues.
2026-03-04 16:59:22,398 - WebSecurityScanner - INFO - [32m[INFO][0m ExposedDatabase scan finished. Found 0 issues.
2026-03-04 16:59:22,540 - WebSecurityScanner - INFO - [32m[INFO][0m [Subdomain Enum] Successfully found 13 subdomains.
2026-03-04 16:59:22,549 - WebSecurityScanner - INFO - [32m[INFO][0m [Port Scan] Scanning common TCP ports on web.whatsapp.com...
2026-03-04 16:59:22,550 - WebSecurityScanner - INFO - [32m[INFO][0m Starting port scan on web.whatsapp.com
2026-03-04 16:59:27,636 - WebSecurityScanner - INFO - [32m[INFO][0m Port 80 is OPEN
2026-03-04 16:59:32,710 - WebSecurityScanner - INFO - [32m[INFO][0m Port 443 is OPEN
2026-03-04 16:59:40,791 - WebSecurityScanner - INFO - [32m[INFO][0m [Port Scan] Found 2 open ports.
2026-03-04 16:59:40,793 - WebSecurityScanner - INFO - [32m[INFO][0m [Tech Stack] Fingerprinting https://web.whatsapp.com/...
2026-03-04 16:59:41,863 - WebSecurityScanner - INFO - [32m[INFO][0m [Tech Stack] Analyzed HTTP headers.
2026-03-04 16:59:41,865 - WebSecurityScanner - INFO - [32m[INFO][0m [IP/Network Finder] Resolving network mapping for web.whatsapp.com...
2026-03-04 16:59:42,203 - WebSecurityScanner - INFO - [32m[INFO][0m [IP/Network Finder] Successfully mapped IP and ISP info.
2026-03-04 16:59:42,207 - WebSecurityScanner - INFO - [32m[INFO][0m [DNS Enum] Retrieving DNS records for web.whatsapp.com...
2026-03-04 16:59:44,854 - WebSecurityScanner - INFO - [32m[INFO][0m [DNS Enum] Found 8 DNS records.
2026-03-04 16:59:44,861 - WebSecurityScanner - INFO - [32m[INFO][0m Reconnaissance completed.
2026-03-04 16:59:44,865 - WebSecurityScanner - INFO - [32m[INFO][0m Scan completed.
2026-03-04 17:00:15,173 - WebSecurityScanner - INFO - [32m[INFO][0m Starting scatter-gather scan for https://instagram.com
2026-03-04 17:00:15,175 - WebSecurityScanner - INFO - [32m[INFO][0m Phase: Reconnaissance
2026-03-04 17:00:15,177 - WebSecurityScanner - INFO - [32m[INFO][0m Phase: Crawling
2026-03-04 17:00:15,178 - WebSecurityScanner - INFO - [32m[INFO][0m Phase: SSL Analysis
2026-03-04 17:00:15,179 - WebSecurityScanner - INFO - [32m[INFO][0m Running SQLInjection scan...
2026-03-04 17:00:15,179 - WebSecurityScanner - INFO - [32m[INFO][0m Starting Reconnaissance phase...
2026-03-04 17:00:15,181 - WebSecurityScanner - INFO - [32m[INFO][0m Running XSS scan...
2026-03-04 17:00:15,182 - WebSecurityScanner - INFO - [32m[INFO][0m Running Misconfiguration scan...
2026-03-04 17:00:15,183 - WebSecurityScanner - INFO - [32m[INFO][0m Running ExposedDatabase scan...
2026-03-04 17:00:15,184 - WebSecurityScanner - INFO - [32m[INFO][0m Starting crawler on https://instagram.com
2026-03-04 17:00:15,184 - WebSecurityScanner - INFO - [32m[INFO][0m Starting SSL analysis for instagram.com
2026-03-04 17:00:15,186 - WebSecurityScanner - INFO - [32m[INFO][0m Starting SQL Injection scan on https://instagram.com
2026-03-04 17:00:15,187 - WebSecurityScanner - INFO - [32m[INFO][0m Tools Active: Custom Subdomain Enum (crt.sh API) & TCP Socket Port Scanner
2026-03-04 17:00:15,189 - WebSecurityScanner - INFO - [32m[INFO][0m Starting XSS scan on https://instagram.com
2026-03-04 17:00:15,190 - WebSecurityScanner - INFO - [32m[INFO][0m Starting Misconfiguration scan on https://instagram.com
2026-03-04 17:00:15,191 - WebSecurityScanner - INFO - [32m[INFO][0m Starting Exposed Database scan on https://instagram.com
2026-03-04 17:00:15,195 - WebSecurityScanner - INFO - [32m[INFO][0m Tool Active: Custom Multi-Threaded/BFS Crawler spidering instagram.com...
2026-03-04 17:00:15,235 - WebSecurityScanner - INFO - [32m[INFO][0m [Subdomain Enum] Enumerating subdomains for 'instagram.com'...
2026-03-04 17:00:15,244 - WebSecurityScanner - INFO - [32m[INFO][0m [Crawler] Discovered 1 endpoints (GET/POST/PUT/DELETE)...
2026-03-04 17:00:15,505 - WebSecurityScanner - INFO - [32m[INFO][0m SSL Analysis completed.
2026-03-04 17:00:16,561 - WebSecurityScanner - INFO - [32m[INFO][0m Misconfiguration scan finished. Found 0 issues.
2026-03-04 17:00:17,658 - WebSecurityScanner - INFO - [32m[INFO][0m XSS scan finished. Found 0 issues.
2026-03-04 17:00:17,899 - WebSecurityScanner - INFO - [32m[INFO][0m Crawling finished. Found 1 endpoints.
2026-03-04 17:00:17,901 - WebSecurityScanner - INFO - [32m[INFO][0m [Crawler] Completed. Acquired 1 distinct methods/endpoints.
2026-03-04 17:00:17,905 - WebSecurityScanner - INFO - [32m[INFO][0m Crawling completed. Found 1 URLs.
2026-03-04 17:00:18,325 - WebSecurityScanner - INFO - [32m[INFO][0m ExposedDatabase scan finished. Found 0 issues.
2026-03-04 17:00:19,771 - WebSecurityScanner - INFO - [32m[INFO][0m SQLInjection scan finished. Found 0 issues.
2026-03-04 17:00:29,073 - WebSecurityScanner - DEBUG - [36m[DEBUG][0m crt.sh API failed: HTTPSConnectionPool(host='crt.sh', port=443): Read timed out. (read timeout=10)
2026-03-04 17:00:29,075 - WebSecurityScanner - INFO - [32m[INFO][0m [Subdomain Enum] Successfully found 51 subdomains.
2026-03-04 17:00:29,077 - WebSecurityScanner - INFO - [32m[INFO][0m [Port Scan] Scanning common TCP ports on instagram.com...
2026-03-04 17:00:29,079 - WebSecurityScanner - INFO - [32m[INFO][0m Starting port scan on instagram.com
2026-03-04 17:00:34,137 - WebSecurityScanner - INFO - [32m[INFO][0m Port 80 is OPEN
2026-03-04 17:00:39,197 - WebSecurityScanner - INFO - [32m[INFO][0m Port 443 is OPEN
2026-03-04 17:00:47,279 - WebSecurityScanner - INFO - [32m[INFO][0m [Port Scan] Found 2 open ports.
2026-03-04 17:00:47,281 - WebSecurityScanner - INFO - [32m[INFO][0m [Tech Stack] Fingerprinting https://instagram.com...
2026-03-04 17:00:48,836 - WebSecurityScanner - INFO - [32m[INFO][0m [Tech Stack] Analyzed HTTP headers.
2026-03-04 17:00:48,837 - WebSecurityScanner - INFO - [32m[INFO][0m [IP/Network Finder] Resolving network mapping for instagram.com...
2026-03-04 17:00:49,625 - WebSecurityScanner - INFO - [32m[INFO][0m [IP/Network Finder] Successfully mapped IP and ISP info.
2026-03-04 17:00:49,627 - WebSecurityScanner - INFO - [32m[INFO][0m [DNS Enum] Retrieving DNS records for instagram.com...
2026-03-04 17:00:52,259 - WebSecurityScanner - INFO - [32m[INFO][0m [DNS Enum] Found 17 DNS records.
2026-03-04 17:00:52,261 - WebSecurityScanner - INFO - [32m[INFO][0m Reconnaissance completed.
2026-03-04 17:00:52,263 - WebSecurityScanner - INFO - [32m[INFO][0m Scan completed.
2026-03-04 17:10:08,663 - WebSecurityScanner - INFO - [32m[INFO][0m Starting scatter-gather scan for https://apps.apple.com
2026-03-04 17:10:08,670 - WebSecurityScanner - INFO - [32m[INFO][0m Phase: Reconnaissance
2026-03-04 17:10:08,671 - WebSecurityScanner - INFO - [32m[INFO][0m Phase: Crawling
2026-03-04 17:10:08,671 - WebSecurityScanner - INFO - [32m[INFO][0m Phase: SSL Analysis
2026-03-04 17:10:08,672 - WebSecurityScanner - INFO - [32m[INFO][0m Running SQLInjection scan...
2026-03-04 17:10:08,672 - WebSecurityScanner - INFO - [32m[INFO][0m Starting Reconnaissance phase...
2026-03-04 17:10:08,673 - WebSecurityScanner - INFO - [32m[INFO][0m Running XSS scan...
2026-03-04 17:10:08,675 - WebSecurityScanner - INFO - [32m[INFO][0m Running Misconfiguration scan...
2026-03-04 17:10:08,676 - WebSecurityScanner - INFO - [32m[INFO][0m Running ExposedDatabase scan...
2026-03-04 17:10:08,677 - WebSecurityScanner - INFO - [32m[INFO][0m Starting crawler on https://apps.apple.com
2026-03-04 17:10:08,677 - WebSecurityScanner - INFO - [32m[INFO][0m Starting SSL analysis for apps.apple.com
2026-03-04 17:10:08,678 - WebSecurityScanner - INFO - [32m[INFO][0m Starting SQL Injection scan on https://apps.apple.com
2026-03-04 17:10:08,687 - WebSecurityScanner - INFO - [32m[INFO][0m Tools Active: Custom Subdomain Enum (crt.sh API) & TCP Socket Port Scanner
2026-03-04 17:10:08,688 - WebSecurityScanner - INFO - [32m[INFO][0m Starting XSS scan on https://apps.apple.com
2026-03-04 17:10:08,690 - WebSecurityScanner - INFO - [32m[INFO][0m Starting Misconfiguration scan on https://apps.apple.com
2026-03-04 17:10:08,691 - WebSecurityScanner - INFO - [32m[INFO][0m Starting Exposed Database scan on https://apps.apple.com
2026-03-04 17:10:08,693 - WebSecurityScanner - INFO - [32m[INFO][0m Tool Active: Custom Multi-Threaded/BFS Crawler spidering apps.apple.com...
2026-03-04 17:10:08,732 - WebSecurityScanner - INFO - [32m[INFO][0m [Subdomain Enum] Enumerating subdomains for 'apps.apple.com'...
2026-03-04 17:10:08,749 - WebSecurityScanner - INFO - [32m[INFO][0m [Crawler] Discovered 1 endpoints (GET/POST/PUT/DELETE)...
2026-03-04 17:10:08,861 - WebSecurityScanner - INFO - [32m[INFO][0m SSL Analysis completed.
2026-03-04 17:10:09,029 - WebSecurityScanner - INFO - [32m[INFO][0m Misconfiguration scan finished. Found 0 issues.
2026-03-04 17:10:09,386 - WebSecurityScanner - INFO - [32m[INFO][0m Crawling finished. Found 264 endpoints.
2026-03-04 17:10:09,387 - WebSecurityScanner - INFO - [32m[INFO][0m [Crawler] Completed. Acquired 264 distinct methods/endpoints.
2026-03-04 17:10:09,398 - WebSecurityScanner - INFO - [32m[INFO][0m Crawling completed. Found 264 URLs.
2026-03-04 17:10:09,455 - WebSecurityScanner - INFO - [32m[INFO][0m XSS scan finished. Found 0 issues.
2026-03-04 17:10:10,090 - WebSecurityScanner - INFO - [32m[INFO][0m SQLInjection scan finished. Found 0 issues.
2026-03-04 17:10:11,749 - WebSecurityScanner - INFO - [32m[INFO][0m ExposedDatabase scan finished. Found 0 issues.
2026-03-04 17:10:20,718 - WebSecurityScanner - INFO - [32m[INFO][0m [Subdomain Enum] Successfully found 28 subdomains.
2026-03-04 17:10:20,720 - WebSecurityScanner - INFO - [32m[INFO][0m [Port Scan] Scanning common TCP ports on apps.apple.com...
2026-03-04 17:10:20,722 - WebSecurityScanner - INFO - [32m[INFO][0m Starting port scan on apps.apple.com
2026-03-04 17:10:25,795 - WebSecurityScanner - INFO - [32m[INFO][0m Port 80 is OPEN
2026-03-04 17:10:30,882 - WebSecurityScanner - INFO - [32m[INFO][0m Port 443 is OPEN
2026-03-04 17:10:38,974 - WebSecurityScanner - INFO - [32m[INFO][0m [Port Scan] Found 2 open ports.
2026-03-04 17:10:38,976 - WebSecurityScanner - INFO - [32m[INFO][0m [Tech Stack] Fingerprinting https://apps.apple.com...
2026-03-04 17:10:40,272 - WebSecurityScanner - INFO - [32m[INFO][0m [Tech Stack] Analyzed HTTP headers.
2026-03-04 17:10:40,278 - WebSecurityScanner - INFO - [32m[INFO][0m [IP/Network Finder] Resolving network mapping for apps.apple.com...
2026-03-04 17:10:41,070 - WebSecurityScanner - INFO - [32m[INFO][0m [IP/Network Finder] Successfully mapped IP and ISP info.
2026-03-04 17:10:41,073 - WebSecurityScanner - INFO - [32m[INFO][0m [DNS Enum] Retrieving DNS records for apps.apple.com...
2026-03-04 17:10:43,641 - WebSecurityScanner - INFO - [32m[INFO][0m [DNS Enum] Found 21 DNS records.
2026-03-04 17:10:43,649 - WebSecurityScanner - INFO - [32m[INFO][0m Reconnaissance completed.
2026-03-04 17:10:43,652 - WebSecurityScanner - INFO - [32m[INFO][0m Scan completed.
2026-03-04 17:11:36,509 - WebSecurityScanner - INFO - [32m[INFO][0m Starting scatter-gather scan for https://meta.com
2026-03-04 17:11:36,511 - WebSecurityScanner - INFO - [32m[INFO][0m Phase: Reconnaissance
2026-03-04 17:11:36,512 - WebSecurityScanner - INFO - [32m[INFO][0m Phase: Crawling
2026-03-04 17:11:36,512 - WebSecurityScanner - INFO - [32m[INFO][0m Phase: SSL Analysis
2026-03-04 17:11:36,513 - WebSecurityScanner - INFO - [32m[INFO][0m Running SQLInjection scan...
2026-03-04 17:11:36,514 - WebSecurityScanner - INFO - [32m[INFO][0m Starting Reconnaissance phase...
2026-03-04 17:11:36,515 - WebSecurityScanner - INFO - [32m[INFO][0m Running XSS scan...
2026-03-04 17:11:36,516 - WebSecurityScanner - INFO - [32m[INFO][0m Running Misconfiguration scan...
2026-03-04 17:11:36,516 - WebSecurityScanner - INFO - [32m[INFO][0m Starting crawler on https://meta.com
2026-03-04 17:11:36,518 - WebSecurityScanner - INFO - [32m[INFO][0m Running ExposedDatabase scan...
2026-03-04 17:11:36,519 - WebSecurityScanner - INFO - [32m[INFO][0m Starting SSL analysis for meta.com
2026-03-04 17:11:36,520 - WebSecurityScanner - INFO - [32m[INFO][0m Starting SQL Injection scan on https://meta.com
2026-03-04 17:11:36,521 - WebSecurityScanner - INFO - [32m[INFO][0m Tools Active: Custom Subdomain Enum (crt.sh API) & TCP Socket Port Scanner
2026-03-04 17:11:36,521 - WebSecurityScanner - INFO - [32m[INFO][0m Starting XSS scan on https://meta.com
2026-03-04 17:11:36,528 - WebSecurityScanner - INFO - [32m[INFO][0m Starting Misconfiguration scan on https://meta.com
2026-03-04 17:11:36,529 - WebSecurityScanner - INFO - [32m[INFO][0m Tool Active: Custom Multi-Threaded/BFS Crawler spidering meta.com...
2026-03-04 17:11:36,530 - WebSecurityScanner - INFO - [32m[INFO][0m Starting Exposed Database scan on https://meta.com
2026-03-04 17:11:36,574 - WebSecurityScanner - INFO - [32m[INFO][0m [Subdomain Enum] Enumerating subdomains for 'meta.com'...
2026-03-04 17:11:36,585 - WebSecurityScanner - INFO - [32m[INFO][0m [Crawler] Discovered 1 endpoints (GET/POST/PUT/DELETE)...
2026-03-04 17:11:36,764 - WebSecurityScanner - INFO - [32m[INFO][0m SSL Analysis completed.
2026-03-04 17:11:38,362 - WebSecurityScanner - INFO - [32m[INFO][0m Misconfiguration scan finished. Found 0 issues.
2026-03-04 17:11:39,726 - WebSecurityScanner - INFO - [32m[INFO][0m ExposedDatabase scan finished. Found 0 issues.
2026-03-04 17:11:39,830 - WebSecurityScanner - INFO - [32m[INFO][0m XSS scan finished. Found 0 issues.
2026-03-04 17:11:40,274 - WebSecurityScanner - INFO - [32m[INFO][0m Crawling finished. Found 1 endpoints.
2026-03-04 17:11:40,279 - WebSecurityScanner - INFO - [32m[INFO][0m [Crawler] Completed. Acquired 1 distinct methods/endpoints.
2026-03-04 17:11:40,284 - WebSecurityScanner - INFO - [32m[INFO][0m Crawling completed. Found 1 URLs.
2026-03-04 17:11:42,852 - WebSecurityScanner - INFO - [32m[INFO][0m SQLInjection scan finished. Found 0 issues.
2026-03-04 17:11:49,251 - WebSecurityScanner - DEBUG - [36m[DEBUG][0m crt.sh API failed: HTTPSConnectionPool(host='crt.sh', port=443): Read timed out. (read timeout=10)
2026-03-04 17:11:49,253 - WebSecurityScanner - INFO - [32m[INFO][0m [Subdomain Enum] Successfully found 50 subdomains.
2026-03-04 17:11:49,254 - WebSecurityScanner - INFO - [32m[INFO][0m [Port Scan] Scanning common TCP ports on meta.com...
2026-03-04 17:11:49,256 - WebSecurityScanner - INFO - [32m[INFO][0m Starting port scan on meta.com
2026-03-04 17:11:54,329 - WebSecurityScanner - INFO - [32m[INFO][0m Port 80 is OPEN
2026-03-04 17:11:59,401 - WebSecurityScanner - INFO - [32m[INFO][0m Port 443 is OPEN
2026-03-04 17:12:07,478 - WebSecurityScanner - INFO - [32m[INFO][0m [Port Scan] Found 2 open ports.
2026-03-04 17:12:07,480 - WebSecurityScanner - INFO - [32m[INFO][0m [Tech Stack] Fingerprinting https://meta.com...
2026-03-04 17:12:09,700 - WebSecurityScanner - INFO - [32m[INFO][0m [Tech Stack] Analyzed HTTP headers.
2026-03-04 17:12:09,702 - WebSecurityScanner - INFO - [32m[INFO][0m [IP/Network Finder] Resolving network mapping for meta.com...
2026-03-04 17:12:10,500 - WebSecurityScanner - INFO - [32m[INFO][0m [IP/Network Finder] Successfully mapped IP and ISP info.
2026-03-04 17:12:10,501 - WebSecurityScanner - INFO - [32m[INFO][0m [DNS Enum] Retrieving DNS records for meta.com...
2026-03-04 17:12:13,017 - WebSecurityScanner - INFO - [32m[INFO][0m [DNS Enum] Found 57 DNS records.
2026-03-04 17:12:13,020 - WebSecurityScanner - INFO - [32m[INFO][0m Reconnaissance completed.
2026-03-04 17:12:13,023 - WebSecurityScanner - INFO - [32m[INFO][0m Scan completed.
2026-03-04 17:18:16,780 - WebSecurityScanner - INFO - [32m[INFO][0m Starting scatter-gather scan for https://www.tatasteel.com
2026-03-04 17:18:16,784 - WebSecurityScanner - INFO - [32m[INFO][0m Phase: Reconnaissance
2026-03-04 17:18:16,785 - WebSecurityScanner - INFO - [32m[INFO][0m Phase: Crawling
2026-03-04 17:18:16,786 - WebSecurityScanner - INFO - [32m[INFO][0m Phase: SSL Analysis
2026-03-04 17:18:16,787 - WebSecurityScanner - INFO - [32m[INFO][0m Running SQLInjection scan...
2026-03-04 17:18:16,789 - WebSecurityScanner - INFO - [32m[INFO][0m Starting Reconnaissance phase...
2026-03-04 17:18:16,789 - WebSecurityScanner - INFO - [32m[INFO][0m Running XSS scan...
2026-03-04 17:18:16,789 - WebSecurityScanner - INFO - [32m[INFO][0m Running Misconfiguration scan...
2026-03-04 17:18:16,791 - WebSecurityScanner - INFO - [32m[INFO][0m Running ExposedDatabase scan...
2026-03-04 17:18:16,791 - WebSecurityScanner - INFO - [32m[INFO][0m Starting crawler on https://www.tatasteel.com
2026-03-04 17:18:16,793 - WebSecurityScanner - INFO - [32m[INFO][0m Starting SSL analysis for www.tatasteel.com
2026-03-04 17:18:16,794 - WebSecurityScanner - INFO - [32m[INFO][0m Starting SQL Injection scan on https://www.tatasteel.com
2026-03-04 17:18:16,796 - WebSecurityScanner - INFO - [32m[INFO][0m Tools Active: Custom Subdomain Enum (crt.sh API) & TCP Socket Port Scanner
2026-03-04 17:18:16,797 - WebSecurityScanner - INFO - [32m[INFO][0m Starting XSS scan on https://www.tatasteel.com
2026-03-04 17:18:16,800 - WebSecurityScanner - INFO - [32m[INFO][0m Starting Misconfiguration scan on https://www.tatasteel.com
2026-03-04 17:18:16,804 - WebSecurityScanner - INFO - [32m[INFO][0m Starting Exposed Database scan on https://www.tatasteel.com
2026-03-04 17:18:16,805 - WebSecurityScanner - INFO - [32m[INFO][0m Tool Active: Custom Multi-Threaded/BFS Crawler spidering www.tatasteel.com...
2026-03-04 17:18:16,831 - WebSecurityScanner - INFO - [32m[INFO][0m [Subdomain Enum] Enumerating subdomains for 'tatasteel.com'...
2026-03-04 17:18:16,870 - WebSecurityScanner - INFO - [32m[INFO][0m [Crawler] Discovered 1 endpoints (GET/POST/PUT/DELETE)...
2026-03-04 17:18:17,458 - WebSecurityScanner - INFO - [32m[INFO][0m SSL Analysis completed.
2026-03-04 17:18:17,810 - WebSecurityScanner - INFO - [32m[INFO][0m XSS scan finished. Found 0 issues.
2026-03-04 17:18:17,818 - WebSecurityScanner - INFO - [32m[INFO][0m Misconfiguration scan finished. Found 0 issues.
2026-03-04 17:18:18,011 - WebSecurityScanner - INFO - [32m[INFO][0m Crawling finished. Found 289 endpoints.
2026-03-04 17:18:18,013 - WebSecurityScanner - INFO - [32m[INFO][0m [Crawler] Completed. Acquired 289 distinct methods/endpoints.
2026-03-04 17:18:18,018 - WebSecurityScanner - INFO - [32m[INFO][0m Crawling completed. Found 289 URLs.
2026-03-04 17:18:19,911 - WebSecurityScanner - INFO - [32m[INFO][0m ExposedDatabase scan finished. Found 0 issues.
2026-03-04 17:18:20,254 - WebSecurityScanner - INFO - [32m[INFO][0m SQLInjection scan finished. Found 0 issues.
2026-03-04 17:18:26,193 - WebSecurityScanner - INFO - [32m[INFO][0m [Subdomain Enum] Successfully found 51 subdomains.
2026-03-04 17:18:26,195 - WebSecurityScanner - INFO - [32m[INFO][0m [Port Scan] Scanning common TCP ports on www.tatasteel.com...
2026-03-04 17:18:26,197 - WebSecurityScanner - INFO - [32m[INFO][0m Starting port scan on www.tatasteel.com
2026-03-04 17:18:31,326 - WebSecurityScanner - INFO - [32m[INFO][0m Port 80 is OPEN
2026-03-04 17:18:36,424 - WebSecurityScanner - INFO - [32m[INFO][0m Port 443 is OPEN
2026-03-04 17:18:44,505 - WebSecurityScanner - INFO - [32m[INFO][0m [Port Scan] Found 2 open ports.
2026-03-04 17:18:44,509 - WebSecurityScanner - INFO - [32m[INFO][0m [Tech Stack] Fingerprinting https://www.tatasteel.com...
2026-03-04 17:18:45,644 - WebSecurityScanner - INFO - [32m[INFO][0m [Tech Stack] Analyzed HTTP headers.
2026-03-04 17:18:45,645 - WebSecurityScanner - INFO - [32m[INFO][0m [IP/Network Finder] Resolving network mapping for tatasteel.com...
2026-03-04 17:18:46,414 - WebSecurityScanner - INFO - [32m[INFO][0m [IP/Network Finder] Successfully mapped IP and ISP info.
2026-03-04 17:18:46,416 - WebSecurityScanner - INFO - [32m[INFO][0m [DNS Enum] Retrieving DNS records for tatasteel.com...
2026-03-04 17:18:48,953 - WebSecurityScanner - INFO - [32m[INFO][0m [DNS Enum] Found 30 DNS records.
2026-03-04 17:18:48,960 - WebSecurityScanner - INFO - [32m[INFO][0m Reconnaissance completed.
2026-03-04 17:18:48,961 - WebSecurityScanner - INFO - [32m[INFO][0m Scan completed.
2026-03-04 17:19:19,087 - WebSecurityScanner - INFO - [32m[INFO][0m Starting scatter-gather scan for https://www.inclick.in
2026-03-04 17:19:19,089 - WebSecurityScanner - INFO - [32m[INFO][0m Phase: Reconnaissance
2026-03-04 17:19:19,091 - WebSecurityScanner - INFO - [32m[INFO][0m Phase: Crawling
2026-03-04 17:19:19,092 - WebSecurityScanner - INFO - [32m[INFO][0m Phase: SSL Analysis
2026-03-04 17:19:19,094 - WebSecurityScanner - INFO - [32m[INFO][0m Starting Reconnaissance phase...
2026-03-04 17:19:19,095 - WebSecurityScanner - INFO - [32m[INFO][0m Running SQLInjection scan...
2026-03-04 17:19:19,096 - WebSecurityScanner - INFO - [32m[INFO][0m Starting crawler on https://www.inclick.in
2026-03-04 17:19:19,096 - WebSecurityScanner - INFO - [32m[INFO][0m Running XSS scan...
2026-03-04 17:19:19,097 - WebSecurityScanner - INFO - [32m[INFO][0m Running Misconfiguration scan...
2026-03-04 17:19:19,097 - WebSecurityScanner - INFO - [32m[INFO][0m Starting SSL analysis for www.inclick.in
2026-03-04 17:19:19,098 - WebSecurityScanner - INFO - [32m[INFO][0m Running ExposedDatabase scan...
2026-03-04 17:19:19,099 - WebSecurityScanner - INFO - [32m[INFO][0m Tools Active: Custom Subdomain Enum (crt.sh API) & TCP Socket Port Scanner
2026-03-04 17:19:19,100 - WebSecurityScanner - INFO - [32m[INFO][0m Starting SQL Injection scan on https://www.inclick.in
2026-03-04 17:19:19,102 - WebSecurityScanner - INFO - [32m[INFO][0m Tool Active: Custom Multi-Threaded/BFS Crawler spidering www.inclick.in...
2026-03-04 17:19:19,104 - WebSecurityScanner - INFO - [32m[INFO][0m Starting XSS scan on https://www.inclick.in
2026-03-04 17:19:19,105 - WebSecurityScanner - INFO - [32m[INFO][0m Starting Misconfiguration scan on https://www.inclick.in
2026-03-04 17:19:19,194 - WebSecurityScanner - INFO - [32m[INFO][0m Starting Exposed Database scan on https://www.inclick.in
2026-03-04 17:19:19,199 - WebSecurityScanner - INFO - [32m[INFO][0m [Subdomain Enum] Enumerating subdomains for 'inclick.in'...
2026-03-04 17:19:19,202 - WebSecurityScanner - INFO - [32m[INFO][0m [Crawler] Discovered 1 endpoints (GET/POST/PUT/DELETE)...
2026-03-04 17:19:19,491 - WebSecurityScanner - INFO - [32m[INFO][0m SSL Analysis completed.
2026-03-04 17:19:19,492 - WebSecurityScanner - INFO - [32m[INFO][0m ExposedDatabase scan finished. Found 1 issues.
2026-03-04 17:19:21,402 - WebSecurityScanner - INFO - [32m[INFO][0m Misconfiguration scan finished. Found 1 issues.
2026-03-04 17:19:21,588 - WebSecurityScanner - INFO - [32m[INFO][0m Crawling finished. Found 4 endpoints.
2026-03-04 17:19:21,590 - WebSecurityScanner - INFO - [32m[INFO][0m [Crawler] Completed. Acquired 4 distinct methods/endpoints.
2026-03-04 17:19:21,596 - WebSecurityScanner - INFO - [32m[INFO][0m Crawling completed. Found 4 URLs.
2026-03-04 17:19:22,208 - WebSecurityScanner - INFO - [32m[INFO][0m XSS scan finished. Found 0 issues.
2026-03-04 17:19:22,363 - WebSecurityScanner - INFO - [32m[INFO][0m [Subdomain Enum] Successfully found 6 subdomains.
2026-03-04 17:19:22,365 - WebSecurityScanner - INFO - [32m[INFO][0m [Port Scan] Scanning common TCP ports on www.inclick.in...
2026-03-04 17:19:22,367 - WebSecurityScanner - INFO - [32m[INFO][0m Starting port scan on www.inclick.in
2026-03-04 17:19:22,410 - WebSecurityScanner - INFO - [32m[INFO][0m Port 21 is OPEN
2026-03-04 17:19:23,525 - WebSecurityScanner - INFO - [32m[INFO][0m SQLInjection scan finished. Found 0 issues.
2026-03-04 17:19:26,473 - WebSecurityScanner - INFO - [32m[INFO][0m Port 80 is OPEN
2026-03-04 17:19:31,579 - WebSecurityScanner - INFO - [32m[INFO][0m Port 443 is OPEN
2026-03-04 17:19:35,666 - WebSecurityScanner - INFO - [32m[INFO][0m Port 3306 is OPEN
2026-03-04 17:19:38,735 - WebSecurityScanner - INFO - [32m[INFO][0m [Port Scan] Found 4 open ports.
2026-03-04 17:19:38,737 - WebSecurityScanner - INFO - [32m[INFO][0m [Tech Stack] Fingerprinting https://www.inclick.in...
2026-03-04 17:19:39,801 - WebSecurityScanner - INFO - [32m[INFO][0m [Tech Stack] Analyzed HTTP headers.
2026-03-04 17:19:39,918 - WebSecurityScanner - INFO - [32m[INFO][0m [IP/Network Finder] Resolving network mapping for inclick.in...
2026-03-04 17:19:40,757 - WebSecurityScanner - INFO - [32m[INFO][0m [IP/Network Finder] Successfully mapped IP and ISP info.
2026-03-04 17:19:40,779 - WebSecurityScanner - INFO - [32m[INFO][0m [DNS Enum] Retrieving DNS records for inclick.in...
2026-03-04 17:19:43,407 - WebSecurityScanner - INFO - [32m[INFO][0m [DNS Enum] Found 7 DNS records.
2026-03-04 17:19:43,416 - WebSecurityScanner - INFO - [32m[INFO][0m Reconnaissance completed.
2026-03-04 17:19:43,420 - WebSecurityScanner - INFO - [32m[INFO][0m Scan completed.
2026-03-04 17:24:17,720 - WebSecurityScanner - INFO - [32m[INFO][0m Starting scatter-gather scan for http://www.youtube.com/
2026-03-04 17:24:17,722 - WebSecurityScanner - INFO - [32m[INFO][0m Phase: Reconnaissance
2026-03-04 17:24:17,723 - WebSecurityScanner - INFO - [32m[INFO][0m Phase: Crawling
2026-03-04 17:24:17,724 - WebSecurityScanner - INFO - [32m[INFO][0m Phase: SSL Analysis
2026-03-04 17:24:17,725 - WebSecurityScanner - INFO - [32m[INFO][0m Starting Reconnaissance phase...
2026-03-04 17:24:17,725 - WebSecurityScanner - INFO - [32m[INFO][0m Running SQLInjection scan...
2026-03-04 17:24:17,727 - WebSecurityScanner - INFO - [32m[INFO][0m Running XSS scan...
2026-03-04 17:24:17,728 - WebSecurityScanner - INFO - [32m[INFO][0m Running Misconfiguration scan...
2026-03-04 17:24:17,728 - WebSecurityScanner - INFO - [32m[INFO][0m Starting crawler on http://www.youtube.com/
2026-03-04 17:24:17,729 - WebSecurityScanner - INFO - [32m[INFO][0m Running ExposedDatabase scan...
2026-03-04 17:24:17,729 - WebSecurityScanner - INFO - [32m[INFO][0m Starting SSL analysis for www.youtube.com
2026-03-04 17:24:17,731 - WebSecurityScanner - INFO - [32m[INFO][0m Tools Active: Custom Subdomain Enum (crt.sh API) & TCP Socket Port Scanner
2026-03-04 17:24:17,733 - WebSecurityScanner - INFO - [32m[INFO][0m Starting SQL Injection scan on http://www.youtube.com/
2026-03-04 17:24:17,735 - WebSecurityScanner - INFO - [32m[INFO][0m Starting XSS scan on http://www.youtube.com/
2026-03-04 17:24:17,736 - WebSecurityScanner - INFO - [32m[INFO][0m Starting Misconfiguration scan on http://www.youtube.com/
2026-03-04 17:24:17,741 - WebSecurityScanner - INFO - [32m[INFO][0m Tool Active: Custom Multi-Threaded/BFS Crawler spidering www.youtube.com...
2026-03-04 17:24:17,745 - WebSecurityScanner - INFO - [32m[INFO][0m Starting Exposed Database scan on http://www.youtube.com/
2026-03-04 17:24:17,796 - WebSecurityScanner - INFO - [32m[INFO][0m [Subdomain Enum] Enumerating subdomains for 'youtube.com'...
2026-03-04 17:24:17,802 - WebSecurityScanner - INFO - [32m[INFO][0m [Crawler] Discovered 1 endpoints (GET/POST/PUT/DELETE)...
2026-03-04 17:24:17,888 - WebSecurityScanner - INFO - [32m[INFO][0m SSL Analysis completed.
2026-03-04 17:24:18,486 - WebSecurityScanner - INFO - [32m[INFO][0m Misconfiguration scan finished. Found 0 issues.
2026-03-04 17:24:18,694 - WebSecurityScanner - INFO - [32m[INFO][0m Crawling finished. Found 12 endpoints.
2026-03-04 17:24:18,696 - WebSecurityScanner - INFO - [32m[INFO][0m [Crawler] Completed. Acquired 12 distinct methods/endpoints.
2026-03-04 17:24:18,699 - WebSecurityScanner - INFO - [32m[INFO][0m Crawling completed. Found 12 URLs.
2026-03-04 17:24:19,248 - WebSecurityScanner - INFO - [32m[INFO][0m XSS scan finished. Found 0 issues.
2026-03-04 17:24:20,590 - WebSecurityScanner - INFO - [32m[INFO][0m SQLInjection scan finished. Found 0 issues.
2026-03-04 17:24:20,826 - WebSecurityScanner - INFO - [32m[INFO][0m ExposedDatabase scan finished. Found 0 issues.
2026-03-04 17:24:30,214 - WebSecurityScanner - DEBUG - [36m[DEBUG][0m crt.sh API failed: HTTPSConnectionPool(host='crt.sh', port=443): Read timed out. (read timeout=10)
2026-03-04 17:24:30,216 - WebSecurityScanner - INFO - [32m[INFO][0m [Subdomain Enum] Successfully found 51 subdomains.
2026-03-04 17:24:30,219 - WebSecurityScanner - INFO - [32m[INFO][0m [Port Scan] Scanning common TCP ports on www.youtube.com...
2026-03-04 17:24:30,221 - WebSecurityScanner - INFO - [32m[INFO][0m Starting port scan on www.youtube.com
2026-03-04 17:24:35,324 - WebSecurityScanner - INFO - [32m[INFO][0m Port 80 is OPEN
2026-03-04 17:24:40,431 - WebSecurityScanner - INFO - [32m[INFO][0m Port 443 is OPEN
2026-03-04 17:24:48,523 - WebSecurityScanner - INFO - [32m[INFO][0m [Port Scan] Found 2 open ports.
2026-03-04 17:24:48,525 - WebSecurityScanner - INFO - [32m[INFO][0m [Tech Stack] Fingerprinting http://www.youtube.com/...
2026-03-04 17:24:49,534 - WebSecurityScanner - INFO - [32m[INFO][0m [Tech Stack] Analyzed HTTP headers.
2026-03-04 17:24:49,537 - WebSecurityScanner - INFO - [32m[INFO][0m [IP/Network Finder] Resolving network mapping for youtube.com...
2026-03-04 17:24:53,261 - WebSecurityScanner - INFO - [32m[INFO][0m [IP/Network Finder] Successfully mapped IP and ISP info.
2026-03-04 17:24:53,263 - WebSecurityScanner - INFO - [32m[INFO][0m [DNS Enum] Retrieving DNS records for youtube.com...
2026-03-04 17:24:56,527 - WebSecurityScanner - INFO - [32m[INFO][0m [DNS Enum] Found 10 DNS records.
2026-03-04 17:24:56,536 - WebSecurityScanner - INFO - [32m[INFO][0m Reconnaissance completed.
2026-03-04 17:24:56,543 - WebSecurityScanner - INFO - [32m[INFO][0m Scan completed.
2026-03-04 17:26:13,620 - WebSecurityScanner - INFO - [32m[INFO][0m Starting scatter-gather scan for https://www.youtube.com/
2026-03-04 17:26:13,622 - WebSecurityScanner - INFO - [32m[INFO][0m Phase: Reconnaissance
2026-03-04 17:26:13,622 - WebSecurityScanner - INFO - [32m[INFO][0m Phase: Crawling
2026-03-04 17:26:13,623 - WebSecurityScanner - INFO - [32m[INFO][0m Phase: SSL Analysis
2026-03-04 17:26:13,624 - WebSecurityScanner - INFO - [32m[INFO][0m Running SQLInjection scan...
2026-03-04 17:26:13,625 - WebSecurityScanner - INFO - [32m[INFO][0m Running XSS scan...
2026-03-04 17:26:13,625 - WebSecurityScanner - INFO - [32m[INFO][0m Starting Reconnaissance phase...
2026-03-04 17:26:13,626 - WebSecurityScanner - INFO - [32m[INFO][0m Running Misconfiguration scan...
2026-03-04 17:26:13,627 - WebSecurityScanner - INFO - [32m[INFO][0m Running ExposedDatabase scan...
2026-03-04 17:26:13,633 - WebSecurityScanner - INFO - [32m[INFO][0m Starting crawler on https://www.youtube.com/
2026-03-04 17:26:13,634 - WebSecurityScanner - INFO - [32m[INFO][0m Starting SSL analysis for www.youtube.com
2026-03-04 17:26:13,636 - WebSecurityScanner - INFO - [32m[INFO][0m Starting SQL Injection scan on https://www.youtube.com/
2026-03-04 17:26:13,637 - WebSecurityScanner - INFO - [32m[INFO][0m Starting XSS scan on https://www.youtube.com/
2026-03-04 17:26:13,640 - WebSecurityScanner - INFO - [32m[INFO][0m Tools Active: Custom Subdomain Enum (crt.sh API) & TCP Socket Port Scanner
2026-03-04 17:26:13,645 - WebSecurityScanner - INFO - [32m[INFO][0m Starting Misconfiguration scan on https://www.youtube.com/
2026-03-04 17:26:13,646 - WebSecurityScanner - INFO - [32m[INFO][0m Starting Exposed Database scan on https://www.youtube.com/
2026-03-04 17:26:13,654 - WebSecurityScanner - INFO - [32m[INFO][0m Tool Active: Custom Multi-Threaded/BFS Crawler spidering www.youtube.com...
2026-03-04 17:26:13,702 - WebSecurityScanner - INFO - [32m[INFO][0m [Subdomain Enum] Enumerating subdomains for 'youtube.com'...
2026-03-04 17:26:13,712 - WebSecurityScanner - INFO - [32m[INFO][0m [Crawler] Discovered 1 endpoints (GET/POST/PUT/DELETE)...
2026-03-04 17:26:13,821 - WebSecurityScanner - INFO - [32m[INFO][0m SSL Analysis completed.
2026-03-04 17:26:14,170 - WebSecurityScanner - INFO - [32m[INFO][0m Misconfiguration scan finished. Found 0 issues.
2026-03-04 17:26:14,505 - WebSecurityScanner - INFO - [32m[INFO][0m Crawling finished. Found 12 endpoints.
2026-03-04 17:26:14,509 - WebSecurityScanner - INFO - [32m[INFO][0m [Crawler] Completed. Acquired 12 distinct methods/endpoints.
2026-03-04 17:26:14,512 - WebSecurityScanner - INFO - [32m[INFO][0m Crawling completed. Found 12 URLs.
2026-03-04 17:26:14,636 - WebSecurityScanner - INFO - [32m[INFO][0m XSS scan finished. Found 0 issues.
2026-03-04 17:26:15,472 - WebSecurityScanner - INFO - [32m[INFO][0m SQLInjection scan finished. Found 0 issues.
2026-03-04 17:26:16,811 - WebSecurityScanner - INFO - [32m[INFO][0m ExposedDatabase scan finished. Found 0 issues.
2026-03-04 17:26:24,865 - WebSecurityScanner - INFO - [32m[INFO][0m [Subdomain Enum] Successfully found 160 subdomains.
2026-03-04 17:26:24,866 - WebSecurityScanner - INFO - [32m[INFO][0m [Port Scan] Scanning common TCP ports on www.youtube.com...
2026-03-04 17:26:24,867 - WebSecurityScanner - INFO - [32m[INFO][0m Starting port scan on www.youtube.com
2026-03-04 17:26:29,969 - WebSecurityScanner - INFO - [32m[INFO][0m Port 80 is OPEN
2026-03-04 17:26:35,062 - WebSecurityScanner - INFO - [32m[INFO][0m Port 443 is OPEN
2026-03-04 17:26:43,124 - WebSecurityScanner - INFO - [32m[INFO][0m [Port Scan] Found 2 open ports.
2026-03-04 17:26:43,130 - WebSecurityScanner - INFO - [32m[INFO][0m [Tech Stack] Fingerprinting https://www.youtube.com/...
2026-03-04 17:26:44,014 - WebSecurityScanner - INFO - [32m[INFO][0m [Tech Stack] Analyzed HTTP headers.
2026-03-04 17:26:44,016 - WebSecurityScanner - INFO - [32m[INFO][0m [IP/Network Finder] Resolving network mapping for youtube.com...
2026-03-04 17:26:44,711 - WebSecurityScanner - INFO - [32m[INFO][0m [IP/Network Finder] Successfully mapped IP and ISP info.
2026-03-04 17:26:44,713 - WebSecurityScanner - INFO - [32m[INFO][0m [DNS Enum] Retrieving DNS records for youtube.com...
2026-03-04 17:26:47,510 - WebSecurityScanner - INFO - [32m[INFO][0m [DNS Enum] Found 10 DNS records.
2026-03-04 17:26:47,518 - WebSecurityScanner - INFO - [32m[INFO][0m Reconnaissance completed.
2026-03-04 17:26:47,520 - WebSecurityScanner - INFO - [32m[INFO][0m Scan completed.
2026-03-04 17:27:40,675 - WebSecurityScanner - INFO - [32m[INFO][0m Starting scatter-gather scan for http://www.avccollege.net
2026-03-04 17:27:40,679 - WebSecurityScanner - INFO - [32m[INFO][0m Phase: Reconnaissance
2026-03-04 17:27:40,680 - WebSecurityScanner - INFO - [32m[INFO][0m Phase: Crawling
2026-03-04 17:27:40,682 - WebSecurityScanner - INFO - [32m[INFO][0m Phase: SSL Analysis
2026-03-04 17:27:40,682 - WebSecurityScanner - INFO - [32m[INFO][0m Starting Reconnaissance phase...
2026-03-04 17:27:40,683 - WebSecurityScanner - INFO - [32m[INFO][0m Running SQLInjection scan...
2026-03-04 17:27:40,686 - WebSecurityScanner - INFO - [32m[INFO][0m Running XSS scan...
2026-03-04 17:27:40,687 - WebSecurityScanner - INFO - [32m[INFO][0m Starting crawler on http://www.avccollege.net
2026-03-04 17:27:40,688 - WebSecurityScanner - INFO - [32m[INFO][0m Running Misconfiguration scan...
2026-03-04 17:27:40,691 - WebSecurityScanner - INFO - [32m[INFO][0m Running ExposedDatabase scan...
2026-03-04 17:27:40,692 - WebSecurityScanner - INFO - [32m[INFO][0m Starting SSL analysis for www.avccollege.net
2026-03-04 17:27:40,706 - WebSecurityScanner - INFO - [32m[INFO][0m Tools Active: Custom Subdomain Enum (crt.sh API) & TCP Socket Port Scanner
2026-03-04 17:27:40,707 - WebSecurityScanner - INFO - [32m[INFO][0m Starting SQL Injection scan on http://www.avccollege.net
2026-03-04 17:27:40,709 - WebSecurityScanner - INFO - [32m[INFO][0m Starting XSS scan on http://www.avccollege.net
2026-03-04 17:27:40,719 - WebSecurityScanner - INFO - [32m[INFO][0m Tool Active: Custom Multi-Threaded/BFS Crawler spidering www.avccollege.net...
2026-03-04 17:27:40,720 - WebSecurityScanner - INFO - [32m[INFO][0m Starting Misconfiguration scan on http://www.avccollege.net
2026-03-04 17:27:40,731 - WebSecurityScanner - INFO - [32m[INFO][0m Starting Exposed Database scan on http://www.avccollege.net
2026-03-04 17:27:40,781 - WebSecurityScanner - INFO - [32m[INFO][0m [Subdomain Enum] Enumerating subdomains for 'avccollege.net'...
2026-03-04 17:27:40,795 - WebSecurityScanner - INFO - [32m[INFO][0m [Crawler] Discovered 1 endpoints (GET/POST/PUT/DELETE)...
2026-03-04 17:27:40,842 - WebSecurityScanner - INFO - [32m[INFO][0m ExposedDatabase scan finished. Found 1 issues.
2026-03-04 17:27:41,159 - WebSecurityScanner - ERROR - [31m[ERROR][0m SSL Analysis failed: [SSL: CERTIFICATE_VERIFY_FAILED] certificate verify failed: certificate has expired (_ssl.c:1006)
2026-03-04 17:27:41,161 - WebSecurityScanner - INFO - [32m[INFO][0m SSL Analysis completed.
2026-03-04 17:27:41,404 - WebSecurityScanner - INFO - [32m[INFO][0m Misconfiguration scan finished. Found 1 issues.
2026-03-04 17:27:41,744 - WebSecurityScanner - INFO - [32m[INFO][0m XSS scan finished. Found 0 issues.
2026-03-04 17:27:41,925 - WebSecurityScanner - INFO - [32m[INFO][0m Crawling finished. Found 99 endpoints.
2026-03-04 17:27:41,931 - WebSecurityScanner - INFO - [32m[INFO][0m [Crawler] Completed. Acquired 99 distinct methods/endpoints.
2026-03-04 17:27:41,943 - WebSecurityScanner - INFO - [32m[INFO][0m Crawling completed. Found 99 URLs.
2026-03-04 17:27:42,413 - WebSecurityScanner - INFO - [32m[INFO][0m SQLInjection scan finished. Found 0 issues.
2026-03-04 17:27:45,031 - WebSecurityScanner - INFO - [32m[INFO][0m [Subdomain Enum] Successfully found 8 subdomains.
2026-03-04 17:27:45,036 - WebSecurityScanner - INFO - [32m[INFO][0m [Port Scan] Scanning common TCP ports on www.avccollege.net...
2026-03-04 17:27:45,040 - WebSecurityScanner - INFO - [32m[INFO][0m Starting port scan on www.avccollege.net
2026-03-04 17:27:45,068 - WebSecurityScanner - INFO - [32m[INFO][0m Port 21 is OPEN
2026-03-04 17:27:45,090 - WebSecurityScanner - INFO - [32m[INFO][0m Port 22 is OPEN
2026-03-04 17:27:47,126 - WebSecurityScanner - INFO - [32m[INFO][0m Port 53 is OPEN
2026-03-04 17:27:47,152 - WebSecurityScanner - INFO - [32m[INFO][0m Port 80 is OPEN
2026-03-04 17:27:47,177 - WebSecurityScanner - INFO - [32m[INFO][0m Port 110 is OPEN
2026-03-04 17:27:50,240 - WebSecurityScanner - INFO - [32m[INFO][0m Port 143 is OPEN
2026-03-04 17:27:50,267 - WebSecurityScanner - INFO - [32m[INFO][0m Port 443 is OPEN
2026-03-04 17:27:54,328 - WebSecurityScanner - INFO - [32m[INFO][0m Port 3306 is OPEN
2026-03-04 17:27:57,361 - WebSecurityScanner - INFO - [32m[INFO][0m [Port Scan] Found 8 open ports.
2026-03-04 17:27:57,391 - WebSecurityScanner - INFO - [32m[INFO][0m [Tech Stack] Fingerprinting http://www.avccollege.net...
2026-03-04 17:27:57,952 - WebSecurityScanner - ERROR - [31m[ERROR][0m Error fingerprinting tech stack: HTTPSConnectionPool(host='www.avccollege.net', port=443): Max retries exceeded with url: / (Caused by SSLError(SSLCertVerificationError(1, '[SSL: CERTIFICATE_VERIFY_FAILED] certificate verify failed: certificate has expired (_ssl.c:1006)')))
2026-03-04 17:27:57,974 - WebSecurityScanner - INFO - [32m[INFO][0m [IP/Network Finder] Resolving network mapping for avccollege.net...
2026-03-04 17:28:00,266 - WebSecurityScanner - INFO - [32m[INFO][0m [IP/Network Finder] Successfully mapped IP and ISP info.
2026-03-04 17:28:00,270 - WebSecurityScanner - INFO - [32m[INFO][0m [DNS Enum] Retrieving DNS records for avccollege.net...
2026-03-04 17:28:03,087 - WebSecurityScanner - INFO - [32m[INFO][0m [DNS Enum] Found 6 DNS records.
2026-03-04 17:28:03,097 - WebSecurityScanner - INFO - [32m[INFO][0m Reconnaissance completed.
2026-03-04 17:28:03,100 - WebSecurityScanner - INFO - [32m[INFO][0m Scan completed.
2026-03-04 17:34:25,335 - WebSecurityScanner - INFO - [32m[INFO][0m Starting scatter-gather scan for http://www.youtube.com
2026-03-04 17:34:25,345 - WebSecurityScanner - INFO - [32m[INFO][0m Phase: Reconnaissance
2026-03-04 17:34:25,356 - WebSecurityScanner - INFO - [32m[INFO][0m Phase: Crawling
2026-03-04 17:34:25,368 - WebSecurityScanner - INFO - [32m[INFO][0m Starting Reconnaissance phase...
2026-03-04 17:34:25,374 - WebSecurityScanner - INFO - [32m[INFO][0m Phase: SSL Analysis
2026-03-04 17:34:25,377 - WebSecurityScanner - INFO - [32m[INFO][0m Starting crawler on http://www.youtube.com
2026-03-04 17:34:25,378 - WebSecurityScanner - INFO - [32m[INFO][0m Running SQLInjection scan...
2026-03-04 17:34:25,380 - WebSecurityScanner - INFO - [32m[INFO][0m Running XSS scan...
2026-03-04 17:34:25,380 - WebSecurityScanner - INFO - [32m[INFO][0m Tools Active: Custom Subdomain Enum (crt.sh API) & TCP Socket Port Scanner
2026-03-04 17:34:25,391 - WebSecurityScanner - INFO - [32m[INFO][0m Starting SSL analysis for www.youtube.com
2026-03-04 17:34:25,400 - WebSecurityScanner - INFO - [32m[INFO][0m Running Misconfiguration scan...
2026-03-04 17:34:25,407 - WebSecurityScanner - INFO - [32m[INFO][0m Running ExposedDatabase scan...
2026-03-04 17:34:25,408 - WebSecurityScanner - INFO - [32m[INFO][0m Tool Active: Custom Multi-Threaded/BFS Crawler spidering www.youtube.com...
2026-03-04 17:34:25,412 - WebSecurityScanner - INFO - [32m[INFO][0m Starting SQL Injection scan on http://www.youtube.com
2026-03-04 17:34:25,416 - WebSecurityScanner - INFO - [32m[INFO][0m Starting XSS scan on http://www.youtube.com
2026-03-04 17:34:25,424 - WebSecurityScanner - INFO - [32m[INFO][0m [Subdomain Enum] Enumerating subdomains for 'youtube.com'...
2026-03-04 17:34:25,424 - WebSecurityScanner - INFO - [32m[INFO][0m Starting Misconfiguration scan on http://www.youtube.com
2026-03-04 17:34:25,425 - WebSecurityScanner - INFO - [32m[INFO][0m Starting Exposed Database scan on http://www.youtube.com
2026-03-04 17:34:25,477 - WebSecurityScanner - INFO - [32m[INFO][0m [Crawler] Discovered 1 endpoints (GET/POST/PUT/DELETE)...
2026-03-04 17:34:25,571 - WebSecurityScanner - INFO - [32m[INFO][0m SSL Analysis completed.
2026-03-04 17:34:26,132 - WebSecurityScanner - INFO - [32m[INFO][0m Misconfiguration scan finished. Found 0 issues.
2026-03-04 17:34:26,193 - WebSecurityScanner - INFO - [32m[INFO][0m Crawling finished. Found 13 endpoints.
2026-03-04 17:34:26,196 - WebSecurityScanner - INFO - [32m[INFO][0m [Crawler] Completed. Acquired 13 distinct methods/endpoints.
2026-03-04 17:34:26,212 - WebSecurityScanner - INFO - [32m[INFO][0m Crawling completed. Found 13 URLs.
2026-03-04 17:34:26,743 - WebSecurityScanner - INFO - [32m[INFO][0m XSS scan finished. Found 0 issues.
2026-03-04 17:34:27,754 - WebSecurityScanner - INFO - [32m[INFO][0m SQLInjection scan finished. Found 0 issues.
2026-03-04 17:34:28,518 - WebSecurityScanner - INFO - [32m[INFO][0m ExposedDatabase scan finished. Found 0 issues.
2026-03-04 17:34:38,084 - WebSecurityScanner - DEBUG - [36m[DEBUG][0m crt.sh API failed: HTTPSConnectionPool(host='crt.sh', port=443): Read timed out. (read timeout=10)
2026-03-04 17:34:38,086 - WebSecurityScanner - INFO - [32m[INFO][0m [Subdomain Enum] Successfully found 51 subdomains.
2026-03-04 17:34:38,089 - WebSecurityScanner - INFO - [32m[INFO][0m [Port Scan] Scanning common TCP ports on www.youtube.com...
2026-03-04 17:34:38,090 - WebSecurityScanner - INFO - [32m[INFO][0m Starting port scan on www.youtube.com
2026-03-04 17:34:43,166 - WebSecurityScanner - INFO - [32m[INFO][0m Port 80 is OPEN
2026-03-04 17:34:48,225 - WebSecurityScanner - INFO - [32m[INFO][0m Port 443 is OPEN
2026-03-04 17:34:56,315 - WebSecurityScanner - INFO - [32m[INFO][0m [Port Scan] Found 2 open ports.
2026-03-04 17:34:56,324 - WebSecurityScanner - INFO - [32m[INFO][0m [Tech Stack] Fingerprinting http://www.youtube.com...
2026-03-04 17:34:57,456 - WebSecurityScanner - INFO - [32m[INFO][0m [Tech Stack] Analyzed HTTP headers.
2026-03-04 17:34:57,459 - WebSecurityScanner - INFO - [32m[INFO][0m [IP/Network Finder] Resolving network mapping for youtube.com...
2026-03-04 17:34:58,109 - WebSecurityScanner - INFO - [32m[INFO][0m [IP/Network Finder] Successfully mapped IP and ISP info.
2026-03-04 17:34:58,112 - WebSecurityScanner - INFO - [32m[INFO][0m [DNS Enum] Retrieving DNS records for youtube.com...
2026-03-04 17:35:00,619 - WebSecurityScanner - INFO - [32m[INFO][0m [DNS Enum] Found 10 DNS records.
2026-03-04 17:35:00,622 - WebSecurityScanner - INFO - [32m[INFO][0m Reconnaissance completed.
2026-03-04 17:35:00,625 - WebSecurityScanner - INFO - [32m[INFO][0m Scan completed.
